<?xml version="1.0" encoding="UTF-8"?>
<testng-results skipped="0" failed="0" ignored="0" total="1" passed="1">
  <reporter-output>
  </reporter-output>
  <suite name="Default suite" duration-ms="8179" started-at="2019-09-24T18:32:21Z" finished-at="2019-09-24T18:32:29Z">
    <groups>
    </groups>
    <test name="Default test" duration-ms="8179" started-at="2019-09-24T18:32:21Z" finished-at="2019-09-24T18:32:29Z">
      <class name="demotestcases.LoginDemotest">
        <test-method status="PASS" signature="f()[pri:0, instance:demotestcases.LoginDemotest@3e6fa38a]" name="f" duration-ms="8153" started-at="2019-09-24T18:32:21Z" finished-at="2019-09-24T18:32:29Z">
          <reporter-output>
          </reporter-output>
        </test-method> <!-- f -->
      </class> <!-- demotestcases.LoginDemotest -->
    </test> <!-- Default test -->
  </suite> <!-- Default suite -->
</testng-results>
